Build started 1/5/2013 4:32:36 PM.
     1>Project "Z:\programming\plugins\sidplay-residfp\trunk\libsidplayfp\utils\win\VC\libsidutils.vcxproj" on node 3 (build target(s)).
     1>InitializeBuildStatus:
         Creating "Debug\sidutils.unsuccessfulbuild" because "AlwaysCreate" was specified.
       ClCompile:
         c:\Program Files (x86)\Microsoft Visual Studio 10.0\VC\bin\CL.exe /c /I. /I../../../sidplay/win/VC /I../../.. /ZI /nologo /W3 /WX- /Od /Oy- /D HAVE_CONFIG_H /D WIN32 /D _DEBUG /D _WINDOWS /D DLL_EXPORT /D HAVE_MSWINDOWS /D _VC80_UPGRADE=0x0710 /Gm- /EHsc /MTd /GS /fp:precise /Zc:wchar_t /Zc:forScope /Fo"Debug\\" /Fd"Debug\vc100.pdb" /Gd /TP /analyze- /errorReport:prompt ..\..\MD5\MD5.cpp ..\..\STILview\stil.cpp ..\..\SidDatabase.cpp
         MD5.cpp
         stil.cpp
     1>z:\programming\plugins\sidplay-residfp\trunk\libsidplayfp\utils\stilview\stil.h(276): warning C4251: 'STIL::versionString' : class 'std::basic_string<_Elem,_Traits,_Ax>' needs to have dll-interface to be used by clients of class 'STIL'
                 with
                 [
                     _Elem=char,
                     _Traits=std::char_traits<char>,
                     _Ax=std::allocator<char>
                 ]
     1>z:\programming\plugins\sidplay-residfp\trunk\libsidplayfp\utils\stilview\stil.h(282): warning C4251: 'STIL::baseDir' : class 'std::basic_string<_Elem,_Traits,_Ax>' needs to have dll-interface to be used by clients of class 'STIL'
                 with
                 [
                     _Elem=char,
                     _Traits=std::char_traits<char>,
                     _Ax=std::allocator<char>
                 ]
     1>z:\programming\plugins\sidplay-residfp\trunk\libsidplayfp\utils\stilview\stil.h(288): warning C4251: 'STIL::stilDirs' : class 'std::map<_Kty,_Ty>' needs to have dll-interface to be used by clients of class 'STIL'
                 with
                 [
                     _Kty=std::string,
                     _Ty=std::streampos
                 ]
     1>z:\programming\plugins\sidplay-residfp\trunk\libsidplayfp\utils\stilview\stil.h(289): warning C4251: 'STIL::bugDirs' : class 'std::map<_Kty,_Ty>' needs to have dll-interface to be used by clients of class 'STIL'
                 with
                 [
                     _Kty=std::string,
                     _Ty=std::streampos
                 ]
     1>z:\programming\plugins\sidplay-residfp\trunk\libsidplayfp\utils\stilview\stil.cpp(267): warning C4996: 'strnicmp': The POSIX name for this item is deprecated. Instead, use the ISO C++ conformant name: _strnicmp. See online help for details.
                 c:\program files (x86)\microsoft visual studio 10.0\vc\include\string.h(248) : see declaration of 'strnicmp'
     1>z:\programming\plugins\sidplay-residfp\trunk\libsidplayfp\utils\stilview\stil.cpp(313): warning C4996: 'strnicmp': The POSIX name for this item is deprecated. Instead, use the ISO C++ conformant name: _strnicmp. See online help for details.
                 c:\program files (x86)\microsoft visual studio 10.0\vc\include\string.h(248) : see declaration of 'strnicmp'
     1>z:\programming\plugins\sidplay-residfp\trunk\libsidplayfp\utils\stilview\stil.cpp(337): warning C4996: 'strncpy': This function or variable may be unsafe. Consider using strncpy_s instead. To disable deprecation, use _CRT_SECURE_NO_WARNINGS. See online help for details.
                 c:\program files (x86)\microsoft visual studio 10.0\vc\include\string.h(188) : see declaration of 'strncpy'
     1>z:\programming\plugins\sidplay-residfp\trunk\libsidplayfp\utils\stilview\stil.cpp(338): warning C4996: 'strncat': This function or variable may be unsafe. Consider using strncat_s instead. To disable deprecation, use _CRT_SECURE_NO_WARNINGS. See online help for details.
                 c:\program files (x86)\microsoft visual studio 10.0\vc\include\string.h(175) : see declaration of 'strncat'
     1>z:\programming\plugins\sidplay-residfp\trunk\libsidplayfp\utils\stilview\stil.cpp(375): warning C4996: 'strnicmp': The POSIX name for this item is deprecated. Instead, use the ISO C++ conformant name: _strnicmp. See online help for details.
                 c:\program files (x86)\microsoft visual studio 10.0\vc\include\string.h(248) : see declaration of 'strnicmp'
     1>z:\programming\plugins\sidplay-residfp\trunk\libsidplayfp\utils\stilview\stil.cpp(412): warning C4996: 'strnicmp': The POSIX name for this item is deprecated. Instead, use the ISO C++ conformant name: _strnicmp. See online help for details.
                 c:\program files (x86)\microsoft visual studio 10.0\vc\include\string.h(248) : see declaration of 'strnicmp'
     1>z:\programming\plugins\sidplay-residfp\trunk\libsidplayfp\utils\stilview\stil.cpp(436): warning C4996: 'strncpy': This function or variable may be unsafe. Consider using strncpy_s instead. To disable deprecation, use _CRT_SECURE_NO_WARNINGS. See online help for details.
                 c:\program files (x86)\microsoft visual studio 10.0\vc\include\string.h(188) : see declaration of 'strncpy'
     1>z:\programming\plugins\sidplay-residfp\trunk\libsidplayfp\utils\stilview\stil.cpp(437): warning C4996: 'strncat': This function or variable may be unsafe. Consider using strncat_s instead. To disable deprecation, use _CRT_SECURE_NO_WARNINGS. See online help for details.
                 c:\program files (x86)\microsoft visual studio 10.0\vc\include\string.h(175) : see declaration of 'strncat'
     1>z:\programming\plugins\sidplay-residfp\trunk\libsidplayfp\utils\stilview\stil.cpp(474): warning C4996: 'strnicmp': The POSIX name for this item is deprecated. Instead, use the ISO C++ conformant name: _strnicmp. See online help for details.
                 c:\program files (x86)\microsoft visual studio 10.0\vc\include\string.h(248) : see declaration of 'strnicmp'
     1>z:\programming\plugins\sidplay-residfp\trunk\libsidplayfp\utils\stilview\stil.cpp(517): warning C4996: 'strnicmp': The POSIX name for this item is deprecated. Instead, use the ISO C++ conformant name: _strnicmp. See online help for details.
                 c:\program files (x86)\microsoft visual studio 10.0\vc\include\string.h(248) : see declaration of 'strnicmp'
     1>z:\programming\plugins\sidplay-residfp\trunk\libsidplayfp\utils\stilview\stil.cpp(539): warning C4996: 'strncpy': This function or variable may be unsafe. Consider using strncpy_s instead. To disable deprecation, use _CRT_SECURE_NO_WARNINGS. See online help for details.
                 c:\program files (x86)\microsoft visual studio 10.0\vc\include\string.h(188) : see declaration of 'strncpy'
     1>z:\programming\plugins\sidplay-residfp\trunk\libsidplayfp\utils\stilview\stil.cpp(540): warning C4996: 'strncat': This function or variable may be unsafe. Consider using strncat_s instead. To disable deprecation, use _CRT_SECURE_NO_WARNINGS. See online help for details.
                 c:\program files (x86)\microsoft visual studio 10.0\vc\include\string.h(175) : see declaration of 'strncat'
     1>z:\programming\plugins\sidplay-residfp\trunk\libsidplayfp\utils\stilview\stil.cpp(648): warning C4244: '=' : conversion from 'double' to 'float', possible loss of data
     1>z:\programming\plugins\sidplay-residfp\trunk\libsidplayfp\utils\stilview\stil.cpp(651): warning C4996: '_snprintf': This function or variable may be unsafe. Consider using _snprintf_s instead. To disable deprecation, use _CRT_SECURE_NO_WARNINGS. See online help for details.
                 c:\program files (x86)\microsoft visual studio 10.0\vc\include\stdio.h(363) : see declaration of '_snprintf'
     1>z:\programming\plugins\sidplay-residfp\trunk\libsidplayfp\utils\stilview\stil.cpp(663): warning C4996: 'strnicmp': The POSIX name for this item is deprecated. Instead, use the ISO C++ conformant name: _strnicmp. See online help for details.
                 c:\program files (x86)\microsoft visual studio 10.0\vc\include\string.h(248) : see declaration of 'strnicmp'
     1>z:\programming\plugins\sidplay-residfp\trunk\libsidplayfp\utils\stilview\stil.cpp(761): warning C4996: 'strnicmp': The POSIX name for this item is deprecated. Instead, use the ISO C++ conformant name: _strnicmp. See online help for details.
                 c:\program files (x86)\microsoft visual studio 10.0\vc\include\string.h(248) : see declaration of 'strnicmp'
     1>z:\programming\plugins\sidplay-residfp\trunk\libsidplayfp\utils\stilview\stil.cpp(773): warning C4996: 'stricmp': The POSIX name for this item is deprecated. Instead, use the ISO C++ conformant name: _stricmp. See online help for details.
                 c:\program files (x86)\microsoft visual studio 10.0\vc\include\string.h(246) : see declaration of 'stricmp'
     1>z:\programming\plugins\sidplay-residfp\trunk\libsidplayfp\utils\stilview\stil.cpp(779): warning C4996: 'strnicmp': The POSIX name for this item is deprecated. Instead, use the ISO C++ conformant name: _strnicmp. See online help for details.
                 c:\program files (x86)\microsoft visual studio 10.0\vc\include\string.h(248) : see declaration of 'strnicmp'
     1>z:\programming\plugins\sidplay-residfp\trunk\libsidplayfp\utils\stilview\stil.cpp(811): warning C4996: 'strcat': This function or variable may be unsafe. Consider using strcat_s instead. To disable deprecation, use _CRT_SECURE_NO_WARNINGS. See online help for details.
                 c:\program files (x86)\microsoft visual studio 10.0\vc\include\string.h(110) : see declaration of 'strcat'
     1>z:\programming\plugins\sidplay-residfp\trunk\libsidplayfp\utils\stilview\stil.cpp(813): warning C4996: 'strncat': This function or variable may be unsafe. Consider using strncat_s instead. To disable deprecation, use _CRT_SECURE_NO_WARNINGS. See online help for details.
                 c:\program files (x86)\microsoft visual studio 10.0\vc\include\string.h(175) : see declaration of 'strncat'
     1>z:\programming\plugins\sidplay-residfp\trunk\libsidplayfp\utils\stilview\stil.cpp(882): warning C4996: 'strncpy': This function or variable may be unsafe. Consider using strncpy_s instead. To disable deprecation, use _CRT_SECURE_NO_WARNINGS. See online help for details.
                 c:\program files (x86)\microsoft visual studio 10.0\vc\include\string.h(188) : see declaration of 'strncpy'
     1>z:\programming\plugins\sidplay-residfp\trunk\libsidplayfp\utils\stilview\stil.cpp(892): warning C4996: 'strncpy': This function or variable may be unsafe. Consider using strncpy_s instead. To disable deprecation, use _CRT_SECURE_NO_WARNINGS. See online help for details.
                 c:\program files (x86)\microsoft visual studio 10.0\vc\include\string.h(188) : see declaration of 'strncpy'
     1>z:\programming\plugins\sidplay-residfp\trunk\libsidplayfp\utils\stilview\stil.cpp(924): warning C4996: 'strncpy': This function or variable may be unsafe. Consider using strncpy_s instead. To disable deprecation, use _CRT_SECURE_NO_WARNINGS. See online help for details.
                 c:\program files (x86)\microsoft visual studio 10.0\vc\include\string.h(188) : see declaration of 'strncpy'
     1>z:\programming\plugins\sidplay-residfp\trunk\libsidplayfp\utils\stilview\stil.cpp(965): warning C4996: 'strncpy': This function or variable may be unsafe. Consider using strncpy_s instead. To disable deprecation, use _CRT_SECURE_NO_WARNINGS. See online help for details.
                 c:\program files (x86)\microsoft visual studio 10.0\vc\include\string.h(188) : see declaration of 'strncpy'
     1>z:\programming\plugins\sidplay-residfp\trunk\libsidplayfp\utils\stilview\stil.cpp(1000): warning C4996: '_snprintf': This function or variable may be unsafe. Consider using _snprintf_s instead. To disable deprecation, use _CRT_SECURE_NO_WARNINGS. See online help for details.
                 c:\program files (x86)\microsoft visual studio 10.0\vc\include\stdio.h(363) : see declaration of '_snprintf'
     1>z:\programming\plugins\sidplay-residfp\trunk\libsidplayfp\utils\stilview\stil.cpp(1054): warning C4996: 'strncat': This function or variable may be unsafe. Consider using strncat_s instead. To disable deprecation, use _CRT_SECURE_NO_WARNINGS. See online help for details.
                 c:\program files (x86)\microsoft visual studio 10.0\vc\include\string.h(175) : see declaration of 'strncat'
     1>z:\programming\plugins\sidplay-residfp\trunk\libsidplayfp\utils\stilview\stil.cpp(1167): warning C4996: 'strncat': This function or variable may be unsafe. Consider using strncat_s instead. To disable deprecation, use _CRT_SECURE_NO_WARNINGS. See online help for details.
                 c:\program files (x86)\microsoft visual studio 10.0\vc\include\string.h(175) : see declaration of 'strncat'
         SidDatabase.cpp
     1>z:\programming\plugins\sidplay-residfp\trunk\libsidplayfp\sidplayfp\sidtune.h(46): warning C4251: 'SidTune::tune' : class 'std::auto_ptr<_Ty>' needs to have dll-interface to be used by clients of class 'SidTune'
                 with
                 [
                     _Ty=SidTuneBase
                 ]
     1>z:\programming\plugins\sidplay-residfp\trunk\libsidplayfp\utils\siddatabase.cpp(134): warning C4101: 'e' : unreferenced local variable
     1>c:\program files (x86)\microsoft visual studio 10.0\vc\include\memory(931): warning C4150: deletion of pointer to incomplete type 'SidTuneBase'; no destructor called
                 z:\programming\plugins\sidplay-residfp\trunk\libsidplayfp\sidplayfp\sidtune.h(34) : see declaration of 'SidTuneBase'
                 c:\program files (x86)\microsoft visual studio 10.0\vc\include\memory(930) : while compiling class template member function 'std::auto_ptr<_Ty>::~auto_ptr(void)'
                 with
                 [
                     _Ty=SidTuneBase
                 ]
                 z:\programming\plugins\sidplay-residfp\trunk\libsidplayfp\sidplayfp\sidtune.h(46) : see reference to class template instantiation 'std::auto_ptr<_Ty>' being compiled
                 with
                 [
                     _Ty=SidTuneBase
                 ]
         Generating Code...
       Lib:
         c:\Program Files (x86)\Microsoft Visual Studio 10.0\VC\bin\Lib.exe /OUT:"Z:\programming\plugins\foobar\foobar2000\Debug\sidutils.lib" /NOLOGO Debug\iniParser.obj
         Debug\MD5.obj
         Debug\SidDatabase.obj
         Debug\stil.obj
         libsidutils.vcxproj -> Z:\programming\plugins\foobar\foobar2000\Debug\sidutils.lib
       FinalizeBuildStatus:
         Deleting file "Debug\sidutils.unsuccessfulbuild".
         Touching "Debug\sidutils.lastbuildstate".
     1>Done Building Project "Z:\programming\plugins\sidplay-residfp\trunk\libsidplayfp\utils\win\VC\libsidutils.vcxproj" (build target(s)).

Build succeeded.

Time Elapsed 00:00:04.60
